  [1m[35m (291.3ms)[0m  [1m[35mCREATE DATABASE "wildlife_development" ENCODING = 'unicode'[0m
  [1m[35m (217.1ms)[0m  [1m[35mCREATE DATABASE "wildlife_test" ENCODING = 'unicode'[0m
  [1m[35m (8.1ms)[0m  [1m[35mCREATE TABLE "schema_migrations" ("version" character varying NOT NULL PRIMARY KEY)[0m
  [1m[35m (4.0ms)[0m  [1m[35mCREATE TABLE "ar_internal_metadata" ("key" character varying NOT NULL PRIMARY KEY, "value" character varying, "created_at" timestamp(6) NOT NULL, "updated_at" timestamp(6) NOT NULL)[0m
  [1m[35m (0.6ms)[0m  [1m[34mSELECT pg_try_advisory_lock(2448381119010353310)[0m
  [1m[35m (0.7ms)[0m  [1m[34mSELECT "schema_migrations"."version" FROM "schema_migrations" ORDER BY "schema_migrations"."version" ASC[0m
Migrating to CreateAnimals (20200603164638)
  [1m[35m (0.2ms)[0m  [1m[35mBEGIN[0m
  [1m[35m (31.1ms)[0m  [1m[35mCREATE TABLE "animals" ("id" bigserial primary key, "common_name" character varying, "latin_name" character varying, "kingdom" character varying, "created_at" timestamp(6) NOT NULL, "updated_at" timestamp(6) NOT NULL)[0m
  [1m[36mprimary::SchemaMigration Create (0.8ms)[0m  [1m[32mINSERT INTO "schema_migrations" ("version") VALUES ($1) RETURNING "version"[0m  [["version", "20200603164638"]]
  [1m[35m (23.6ms)[0m  [1m[35mCOMMIT[0m
  [1m[36mActiveRecord::InternalMetadata Load (0.6ms)[0m  [1m[34mSELECT "ar_internal_metadata".* FROM "ar_internal_metadata" WHERE "ar_internal_metadata"."key" = $1 LIMIT $2[0m  [["key", "environment"], ["LIMIT", 1]]
  [1m[35m (16.0ms)[0m  [1m[35mBEGIN[0m
  [1m[36mActiveRecord::InternalMetadata Create (0.8ms)[0m  [1m[32mINSERT INTO "ar_internal_metadata" ("key", "value", "created_at", "updated_at") VALUES ($1, $2, $3, $4) RETURNING "key"[0m  [["key", "environment"], ["value", "development"], ["created_at", "2020-06-03 16:46:51.749369"], ["updated_at", "2020-06-03 16:46:51.749369"]]
  [1m[35m (0.5ms)[0m  [1m[35mCOMMIT[0m
  [1m[35m (0.3ms)[0m  [1m[34mSELECT pg_advisory_unlock(2448381119010353310)[0m
  [1m[35m (1.0ms)[0m  [1m[34mSELECT "schema_migrations"."version" FROM "schema_migrations" ORDER BY "schema_migrations"."version" ASC[0m
  [1m[35m (0.3ms)[0m  [1m[35mBEGIN[0m
  [1m[36mAnimal Create (1.2ms)[0m  [1m[32mINSERT INTO "animals" ("common_name", "latin_name", "kingdom", "created_at", "updated_at") VALUES ($1, $2, $3, $4, $5) RETURNING "id"[0m  [["common_name", "pig"], ["latin_name", "sus"], ["kingdom", "mammal"], ["created_at", "2020-06-03 16:49:30.766990"], ["updated_at", "2020-06-03 16:49:30.766990"]]
  [1m[35m (0.8ms)[0m  [1m[35mCOMMIT[0m
  [1m[35m (4.9ms)[0m  [1m[35mBEGIN[0m
  [1m[36mAnimal Create (0.8ms)[0m  [1m[32mINSERT INTO "animals" ("common_name", "latin_name", "kingdom", "created_at", "updated_at") VALUES ($1, $2, $3, $4, $5) RETURNING "id"[0m  [["common_name", "dog"], ["latin_name", "canis"], ["kingdom", "mammal"], ["created_at", "2020-06-03 16:49:37.084379"], ["updated_at", "2020-06-03 16:49:37.084379"]]
  [1m[35m (1.3ms)[0m  [1m[35mCOMMIT[0m
  [1m[35m (0.3ms)[0m  [1m[35mBEGIN[0m
  [1m[36mAnimal Create (0.3ms)[0m  [1m[32mINSERT INTO "animals" ("common_name", "latin_name", "kingdom", "created_at", "updated_at") VALUES ($1, $2, $3, $4, $5) RETURNING "id"[0m  [["common_name", "cat"], ["latin_name", "felis"], ["kingdom", "mammal"], ["created_at", "2020-06-03 16:49:41.801375"], ["updated_at", "2020-06-03 16:49:41.801375"]]
  [1m[35m (0.9ms)[0m  [1m[35mCOMMIT[0m
  [1m[36mAnimal Load (0.6ms)[0m  [1m[34mSELECT "animals".* FROM "animals" LIMIT $1[0m  [["LIMIT", 11]]
Started GET "/" for ::1 at 2020-06-03 09:50:15 -0700
  [1m[35m (0.6ms)[0m  [1m[34mSELECT "schema_migrations"."version" FROM "schema_migrations" ORDER BY "schema_migrations"."version" ASC[0m
Processing by Rails::WelcomeController#index as HTML
  Rendering /Users/learnacademy/.rvm/gems/ruby-2.7.0/gems/railties-6.0.3.1/lib/rails/templates/rails/welcome/index.html.erb
  Rendered /Users/learnacademy/.rvm/gems/ruby-2.7.0/gems/railties-6.0.3.1/lib/rails/templates/rails/welcome/index.html.erb (Duration: 8.2ms | Allocations: 409)
Completed 200 OK in 23ms (Views: 14.9ms | ActiveRecord: 0.0ms | Allocations: 2416)


Started GET "/animals" for ::1 at 2020-06-03 09:50:18 -0700
Processing by AnimalsController#index as HTML
  [1m[36mAnimal Load (2.2ms)[0m  [1m[34mSELECT "animals".* FROM "animals"[0m
  ↳ app/controllers/animals_controller.rb:4:in `index'
Completed 200 OK in 29ms (Views: 16.8ms | ActiveRecord: 9.4ms | Allocations: 5297)


Started GET "/Animals" for ::1 at 2020-06-03 09:50:30 -0700
  
ActionController::RoutingError (No route matches [GET] "/Animals"):
  
actionpack (6.0.3.1) lib/action_dispatch/middleware/debug_exceptions.rb:36:in `call'
web-console (4.0.2) lib/web_console/middleware.rb:132:in `call_app'
web-console (4.0.2) lib/web_console/middleware.rb:28:in `block in call'
web-console (4.0.2) lib/web_console/middleware.rb:17:in `catch'
web-console (4.0.2) lib/web_console/middleware.rb:17:in `call'
actionpack (6.0.3.1) lib/action_dispatch/middleware/show_exceptions.rb:33:in `call'
railties (6.0.3.1) lib/rails/rack/logger.rb:37:in `call_app'
railties (6.0.3.1) lib/rails/rack/logger.rb:26:in `block in call'
activesupport (6.0.3.1) lib/active_support/tagged_logging.rb:80:in `block in tagged'
activesupport (6.0.3.1) lib/active_support/tagged_logging.rb:28:in `tagged'
activesupport (6.0.3.1) lib/active_support/tagged_logging.rb:80:in `tagged'
railties (6.0.3.1) lib/rails/rack/logger.rb:26:in `call'
sprockets-rails (3.2.1) lib/sprockets/rails/quiet_assets.rb:13:in `call'
actionpack (6.0.3.1) lib/action_dispatch/middleware/remote_ip.rb:81:in `call'
actionpack (6.0.3.1) lib/action_dispatch/middleware/request_id.rb:27:in `call'
rack (2.2.2) lib/rack/method_override.rb:24:in `call'
rack (2.2.2) lib/rack/runtime.rb:22:in `call'
activesupport (6.0.3.1) lib/active_support/cache/strategy/local_cache_middleware.rb:29:in `call'
actionpack (6.0.3.1) lib/action_dispatch/middleware/executor.rb:14:in `call'
actionpack (6.0.3.1) lib/action_dispatch/middleware/static.rb:126:in `call'
rack (2.2.2) lib/rack/sendfile.rb:110:in `call'
actionpack (6.0.3.1) lib/action_dispatch/middleware/host_authorization.rb:82:in `call'
webpacker (4.2.2) lib/webpacker/dev_server_proxy.rb:23:in `perform_request'
rack-proxy (0.6.5) lib/rack/proxy.rb:57:in `call'
railties (6.0.3.1) lib/rails/engine.rb:527:in `call'
puma (4.3.5) lib/puma/configuration.rb:228:in `call'
puma (4.3.5) lib/puma/server.rb:713:in `handle_request'
puma (4.3.5) lib/puma/server.rb:472:in `process_client'
puma (4.3.5) lib/puma/server.rb:328:in `block in run'
puma (4.3.5) lib/puma/thread_pool.rb:134:in `block in spawn_thread'
Started GET "/animals" for ::1 at 2020-06-03 09:50:47 -0700
Processing by AnimalsController#index as */*
  [1m[36mAnimal Load (0.6ms)[0m  [1m[34mSELECT "animals".* FROM "animals"[0m
  ↳ app/controllers/animals_controller.rb:4:in `index'
Completed 200 OK in 5ms (Views: 3.8ms | ActiveRecord: 0.6ms | Allocations: 1304)


Started GET "/animals/2" for ::1 at 2020-06-03 09:54:14 -0700
Processing by AnimalsController#show as */*
  Parameters: {"id"=>"2"}
  [1m[36mAnimal Load (0.3ms)[0m  [1m[34mSELECT "animals".* FROM "animals" WHERE "animals"."id" = $1 LIMIT $2[0m  [["id", 2], ["LIMIT", 1]]
  ↳ app/controllers/animals_controller.rb:8:in `show'
Completed 200 OK in 17ms (Views: 0.3ms | ActiveRecord: 3.1ms | Allocations: 4906)


Started GET "/animals/3" for ::1 at 2020-06-03 09:54:18 -0700
Processing by AnimalsController#show as */*
  Parameters: {"id"=>"3"}
  [1m[36mAnimal Load (0.3ms)[0m  [1m[34mSELECT "animals".* FROM "animals" WHERE "animals"."id" = $1 LIMIT $2[0m  [["id", 3], ["LIMIT", 1]]
  ↳ app/controllers/animals_controller.rb:8:in `show'
Completed 200 OK in 3ms (Views: 0.4ms | ActiveRecord: 0.3ms | Allocations: 1034)


Started POST "/animals" for ::1 at 2020-06-03 10:03:40 -0700
Processing by AnimalsController#create as */*
Completed 500 Internal Server Error in 146ms (ActiveRecord: 0.0ms | Allocations: 81035)


  
NameError (undefined local variable or method `animal_params' for #<AnimalsController:0x00007ff95931a6c8>
Did you mean?  animal_path):
  
app/controllers/animals_controller.rb:13:in `create'
Started POST "/animals" for ::1 at 2020-06-03 10:04:47 -0700
Processing by AnimalsController#create as */*
Completed 500 Internal Server Error in 117ms (ActiveRecord: 0.0ms | Allocations: 80757)


  
NameError (undefined local variable or method `animal_params' for #<AnimalsController:0x00007ff958a30620>
Did you mean?  animal_path):
  
app/controllers/animals_controller.rb:13:in `create'
Started POST "/animals" for ::1 at 2020-06-03 10:06:18 -0700
  [1m[35m (1.1ms)[0m  [1m[34mSELECT "schema_migrations"."version" FROM "schema_migrations" ORDER BY "schema_migrations"."version" ASC[0m
Processing by AnimalsController#create as */*
Completed 500 Internal Server Error in 136ms (ActiveRecord: 0.0ms | Allocations: 81096)


  
NameError (undefined local variable or method `animal_params' for #<AnimalsController:0x00007faec0ec2b80>
Did you mean?  animal_path):
  
app/controllers/animals_controller.rb:13:in `create'
Started POST "/animals" for ::1 at 2020-06-03 10:07:24 -0700
Processing by AnimalsController#create as */*
Completed 400 Bad Request in 2ms (ActiveRecord: 0.0ms | Allocations: 779)


  
ActionController::ParameterMissing (param is missing or the value is empty: animal):
  
app/controllers/animals_controller.rb:23:in `animal_params'
app/controllers/animals_controller.rb:13:in `create'
Started GET "/animals" for ::1 at 2020-06-03 10:08:04 -0700
  [1m[35m (0.8ms)[0m  [1m[34mSELECT "schema_migrations"."version" FROM "schema_migrations" ORDER BY "schema_migrations"."version" ASC[0m
Processing by AnimalsController#index as HTML
  [1m[36mAnimal Load (0.8ms)[0m  [1m[34mSELECT "animals".* FROM "animals"[0m
  ↳ app/controllers/animals_controller.rb:4:in `index'
Completed 200 OK in 33ms (Views: 19.6ms | ActiveRecord: 7.3ms | Allocations: 5362)


Started POST "/animals" for ::1 at 2020-06-03 10:08:31 -0700
Processing by AnimalsController#create as */*
Completed 400 Bad Request in 1ms (ActiveRecord: 0.0ms | Allocations: 480)


  
ActionController::ParameterMissing (param is missing or the value is empty: animal):
  
app/controllers/animals_controller.rb:23:in `animal_params'
app/controllers/animals_controller.rb:13:in `create'
Started POST "/animals" for ::1 at 2020-06-03 10:12:52 -0700
Processing by AnimalsController#create as */*
  Parameters: {"animal"=>{"common_name"=>"parrot", "latin_name"=>"psittaciformes", "kingdom"=>"animalia"}}
  [1m[35m (0.3ms)[0m  [1m[35mBEGIN[0m
  ↳ app/controllers/animals_controller.rb:13:in `create'
  [1m[36mAnimal Create (1.0ms)[0m  [1m[32mINSERT INTO "animals" ("common_name", "latin_name", "kingdom", "created_at", "updated_at") VALUES ($1, $2, $3, $4, $5) RETURNING "id"[0m  [["common_name", "parrot"], ["latin_name", "psittaciformes"], ["kingdom", "animalia"], ["created_at", "2020-06-03 17:12:52.355435"], ["updated_at", "2020-06-03 17:12:52.355435"]]
  ↳ app/controllers/animals_controller.rb:13:in `create'
  [1m[35m (1.4ms)[0m  [1m[35mCOMMIT[0m
  ↳ app/controllers/animals_controller.rb:13:in `create'
Completed 200 OK in 11ms (Views: 0.7ms | ActiveRecord: 2.7ms | Allocations: 2862)


Started GET "/animals" for ::1 at 2020-06-03 10:13:13 -0700
Processing by AnimalsController#index as */*
  Parameters: {"animal"=>{"common_name"=>"parrot", "latin_name"=>"psittaciformes", "kingdom"=>"animalia"}}
  [1m[36mAnimal Load (0.4ms)[0m  [1m[34mSELECT "animals".* FROM "animals"[0m
  ↳ app/controllers/animals_controller.rb:4:in `index'
Completed 200 OK in 4ms (Views: 2.8ms | ActiveRecord: 0.4ms | Allocations: 1419)


Started GET "/animals" for ::1 at 2020-06-03 10:16:23 -0700
Processing by AnimalsController#index as */*
  Parameters: {"animal"=>{"common_name"=>"parrot", "latin_name"=>"psittaciformes", "kingdom"=>"animalia"}}
  [1m[36mAnimal Load (0.3ms)[0m  [1m[34mSELECT "animals".* FROM "animals"[0m
  ↳ app/controllers/animals_controller.rb:4:in `index'
Completed 200 OK in 16ms (Views: 11.2ms | ActiveRecord: 3.5ms | Allocations: 4663)


Started DELETE "/animals/2" for ::1 at 2020-06-03 10:16:33 -0700
  
AbstractController::ActionNotFound (The action 'destroy' could not be found for AnimalsController):
  
actionpack (6.0.3.1) lib/abstract_controller/base.rb:131:in `process'
actionview (6.0.3.1) lib/action_view/rendering.rb:39:in `process'
actionpack (6.0.3.1) lib/action_controller/metal.rb:190:in `dispatch'
actionpack (6.0.3.1) lib/action_controller/metal.rb:254:in `dispatch'
actionpack (6.0.3.1) lib/action_dispatch/routing/route_set.rb:50:in `dispatch'
actionpack (6.0.3.1) lib/action_dispatch/routing/route_set.rb:33:in `serve'
actionpack (6.0.3.1) lib/action_dispatch/journey/router.rb:49:in `block in serve'
actionpack (6.0.3.1) lib/action_dispatch/journey/router.rb:32:in `each'
actionpack (6.0.3.1) lib/action_dispatch/journey/router.rb:32:in `serve'
actionpack (6.0.3.1) lib/action_dispatch/routing/route_set.rb:834:in `call'
rack (2.2.2) lib/rack/tempfile_reaper.rb:15:in `call'
rack (2.2.2) lib/rack/etag.rb:27:in `call'
rack (2.2.2) lib/rack/conditional_get.rb:40:in `call'
rack (2.2.2) lib/rack/head.rb:12:in `call'
actionpack (6.0.3.1) lib/action_dispatch/http/content_security_policy.rb:18:in `call'
rack (2.2.2) lib/rack/session/abstract/id.rb:266:in `context'
rack (2.2.2) lib/rack/session/abstract/id.rb:260:in `call'
actionpack (6.0.3.1) lib/action_dispatch/middleware/cookies.rb:648:in `call'
activerecord (6.0.3.1) lib/active_record/migration.rb:567:in `call'
actionpack (6.0.3.1) lib/action_dispatch/middleware/callbacks.rb:27:in `block in call'
activesupport (6.0.3.1) lib/active_support/callbacks.rb:101:in `run_callbacks'
actionpack (6.0.3.1) lib/action_dispatch/middleware/callbacks.rb:26:in `call'
actionpack (6.0.3.1) lib/action_dispatch/middleware/executor.rb:14:in `call'
actionpack (6.0.3.1) lib/action_dispatch/middleware/actionable_exceptions.rb:17:in `call'
actionpack (6.0.3.1) lib/action_dispatch/middleware/debug_exceptions.rb:32:in `call'
web-console (4.0.2) lib/web_console/middleware.rb:132:in `call_app'
web-console (4.0.2) lib/web_console/middleware.rb:28:in `block in call'
web-console (4.0.2) lib/web_console/middleware.rb:17:in `catch'
web-console (4.0.2) lib/web_console/middleware.rb:17:in `call'
actionpack (6.0.3.1) lib/action_dispatch/middleware/show_exceptions.rb:33:in `call'
railties (6.0.3.1) lib/rails/rack/logger.rb:37:in `call_app'
railties (6.0.3.1) lib/rails/rack/logger.rb:26:in `block in call'
activesupport (6.0.3.1) lib/active_support/tagged_logging.rb:80:in `block in tagged'
activesupport (6.0.3.1) lib/active_support/tagged_logging.rb:28:in `tagged'
activesupport (6.0.3.1) lib/active_support/tagged_logging.rb:80:in `tagged'
railties (6.0.3.1) lib/rails/rack/logger.rb:26:in `call'
sprockets-rails (3.2.1) lib/sprockets/rails/quiet_assets.rb:13:in `call'
actionpack (6.0.3.1) lib/action_dispatch/middleware/remote_ip.rb:81:in `call'
actionpack (6.0.3.1) lib/action_dispatch/middleware/request_id.rb:27:in `call'
rack (2.2.2) lib/rack/method_override.rb:24:in `call'
rack (2.2.2) lib/rack/runtime.rb:22:in `call'
activesupport (6.0.3.1) lib/active_support/cache/strategy/local_cache_middleware.rb:29:in `call'
actionpack (6.0.3.1) lib/action_dispatch/middleware/executor.rb:14:in `call'
actionpack (6.0.3.1) lib/action_dispatch/middleware/static.rb:126:in `call'
rack (2.2.2) lib/rack/sendfile.rb:110:in `call'
actionpack (6.0.3.1) lib/action_dispatch/middleware/host_authorization.rb:82:in `call'
webpacker (4.2.2) lib/webpacker/dev_server_proxy.rb:23:in `perform_request'
rack-proxy (0.6.5) lib/rack/proxy.rb:57:in `call'
railties (6.0.3.1) lib/rails/engine.rb:527:in `call'
puma (4.3.5) lib/puma/configuration.rb:228:in `call'
puma (4.3.5) lib/puma/server.rb:713:in `handle_request'
puma (4.3.5) lib/puma/server.rb:472:in `process_client'
puma (4.3.5) lib/puma/server.rb:328:in `block in run'
puma (4.3.5) lib/puma/thread_pool.rb:134:in `block in spawn_thread'
Started DELETE "/animals/2" for ::1 at 2020-06-03 10:17:43 -0700
Processing by AnimalsController#destroy as */*
  Parameters: {"animal"=>{"common_name"=>"parrot", "latin_name"=>"psittaciformes", "kingdom"=>"animalia"}, "id"=>"2"}
  [1m[36mAnimal Load (0.5ms)[0m  [1m[34mSELECT "animals".* FROM "animals" WHERE "animals"."id" = $1 LIMIT $2[0m  [["id", 2], ["LIMIT", 1]]
  ↳ app/controllers/animals_controller.rb:22:in `destroy'
  [1m[35m (0.5ms)[0m  [1m[35mBEGIN[0m
  ↳ app/controllers/animals_controller.rb:23:in `destroy'
  [1m[36mAnimal Destroy (2.0ms)[0m  [1m[31mDELETE FROM "animals" WHERE "animals"."id" = $1[0m  [["id", 2]]
  ↳ app/controllers/animals_controller.rb:23:in `destroy'
  [1m[35m (0.4ms)[0m  [1m[35mCOMMIT[0m
  ↳ app/controllers/animals_controller.rb:23:in `destroy'
Completed 200 OK in 19ms (Views: 0.4ms | ActiveRecord: 7.3ms | Allocations: 6353)


Started GET "/animals" for ::1 at 2020-06-03 10:17:58 -0700
Processing by AnimalsController#index as */*
  Parameters: {"animal"=>{"common_name"=>"parrot", "latin_name"=>"psittaciformes", "kingdom"=>"animalia"}}
  [1m[36mAnimal Load (1.1ms)[0m  [1m[34mSELECT "animals".* FROM "animals"[0m
  ↳ app/controllers/animals_controller.rb:4:in `index'
Completed 200 OK in 5ms (Views: 3.2ms | ActiveRecord: 1.1ms | Allocations: 1287)


Started PATCH "/animals/1" for ::1 at 2020-06-03 10:30:14 -0700
Processing by AnimalsController#update as */*
  Parameters: {"animal"=>{"common_name"=>"lion", "latin_name"=>"leo", "kingdom"=>"mammal"}, "id"=>"1"}
  [1m[36mAnimal Load (0.5ms)[0m  [1m[34mSELECT "animals".* FROM "animals" WHERE "animals"."id" = $1 LIMIT $2[0m  [["id", 1], ["LIMIT", 1]]
  ↳ app/controllers/animals_controller.rb:31:in `update'
  [1m[35m (0.2ms)[0m  [1m[35mBEGIN[0m
  ↳ app/controllers/animals_controller.rb:32:in `update'
  [1m[36mAnimal Update (0.5ms)[0m  [1m[33mUPDATE "animals" SET "common_name" = $1, "latin_name" = $2, "updated_at" = $3 WHERE "animals"."id" = $4[0m  [["common_name", "lion"], ["latin_name", "leo"], ["updated_at", "2020-06-03 17:30:14.324395"], ["id", 1]]
  ↳ app/controllers/animals_controller.rb:32:in `update'
  [1m[35m (0.6ms)[0m  [1m[35mCOMMIT[0m
  ↳ app/controllers/animals_controller.rb:32:in `update'
Completed 200 OK in 17ms (Views: 0.4ms | ActiveRecord: 1.9ms | Allocations: 6541)


Started GET "/animals/1" for ::1 at 2020-06-03 10:30:26 -0700
Processing by AnimalsController#show as */*
  Parameters: {"animal"=>{"common_name"=>"lion", "latin_name"=>"leo", "kingdom"=>"mammal"}, "id"=>"1"}
  [1m[36mAnimal Load (0.6ms)[0m  [1m[34mSELECT "animals".* FROM "animals" WHERE "animals"."id" = $1 LIMIT $2[0m  [["id", 1], ["LIMIT", 1]]
  ↳ app/controllers/animals_controller.rb:8:in `show'
Completed 200 OK in 5ms (Views: 0.4ms | ActiveRecord: 0.6ms | Allocations: 1034)


Started GET "/animals" for ::1 at 2020-06-03 10:30:31 -0700
Processing by AnimalsController#index as */*
  Parameters: {"animal"=>{"common_name"=>"lion", "latin_name"=>"leo", "kingdom"=>"mammal"}}
  [1m[36mAnimal Load (0.4ms)[0m  [1m[34mSELECT "animals".* FROM "animals"[0m
  ↳ app/controllers/animals_controller.rb:4:in `index'
Completed 200 OK in 3ms (Views: 1.6ms | ActiveRecord: 0.4ms | Allocations: 1271)


Started PATCH "/animals/4" for ::1 at 2020-06-03 10:32:08 -0700
Processing by AnimalsController#update as */*
  Parameters: {"animal"=>{"kingdom"=>"aves"}, "id"=>"4"}
  [1m[36mAnimal Load (0.5ms)[0m  [1m[34mSELECT "animals".* FROM "animals" WHERE "animals"."id" = $1 LIMIT $2[0m  [["id", 4], ["LIMIT", 1]]
  ↳ app/controllers/animals_controller.rb:31:in `update'
  [1m[35m (0.3ms)[0m  [1m[35mBEGIN[0m
  ↳ app/controllers/animals_controller.rb:32:in `update'
  [1m[36mAnimal Update (0.3ms)[0m  [1m[33mUPDATE "animals" SET "kingdom" = $1, "updated_at" = $2 WHERE "animals"."id" = $3[0m  [["kingdom", "aves"], ["updated_at", "2020-06-03 17:32:08.275595"], ["id", 4]]
  ↳ app/controllers/animals_controller.rb:32:in `update'
  [1m[35m (0.7ms)[0m  [1m[35mCOMMIT[0m
  ↳ app/controllers/animals_controller.rb:32:in `update'
Completed 200 OK in 9ms (Views: 0.4ms | ActiveRecord: 1.8ms | Allocations: 3177)


Started GET "/animals" for ::1 at 2020-06-03 10:50:57 -0700
  [1m[35m (0.8ms)[0m  [1m[34mSELECT "schema_migrations"."version" FROM "schema_migrations" ORDER BY "schema_migrations"."version" ASC[0m
Processing by AnimalsController#index as */*
  Parameters: {"animal"=>{"kingdom"=>"aves"}}
  [1m[36mAnimal Load (1.6ms)[0m  [1m[34mSELECT "animals".* FROM "animals"[0m
  ↳ app/controllers/animals_controller.rb:4:in `index'
Completed 200 OK in 41ms (Views: 24.3ms | ActiveRecord: 12.3ms | Allocations: 5033)


Started GET "/animals" for ::1 at 2020-06-03 11:21:22 -0700
  [1m[35m (0.6ms)[0m  [1m[34mSELECT "schema_migrations"."version" FROM "schema_migrations" ORDER BY "schema_migrations"."version" ASC[0m
Processing by AnimalsController#index as */*
  Parameters: {"animal"=>{"kingdom"=>"aves"}}
  [1m[36mAnimal Load (15.5ms)[0m  [1m[34mSELECT "animals".* FROM "animals"[0m
  ↳ app/controllers/animals_controller.rb:4:in `index'
Completed 200 OK in 37ms (Views: 12.3ms | ActiveRecord: 19.9ms | Allocations: 5017)


  [1m[35m (0.2ms)[0m  [1m[34mSELECT pg_try_advisory_lock(2448381119010353310)[0m
  [1m[35m (1.9ms)[0m  [1m[34mSELECT "schema_migrations"."version" FROM "schema_migrations" ORDER BY "schema_migrations"."version" ASC[0m
Migrating to CreateSightings (20200603182613)
  [1m[35m (68.4ms)[0m  [1m[35mBEGIN[0m
  [1m[35m (9.2ms)[0m  [1m[35mCREATE TABLE "sightings" ("id" bigserial primary key, "date" timestamp, "latitude" character varying, "longitude" character varying, "animal_id" character varying, "created_at" timestamp(6) NOT NULL, "updated_at" timestamp(6) NOT NULL)[0m
  [1m[36mprimary::SchemaMigration Create (2.1ms)[0m  [1m[32mINSERT INTO "schema_migrations" ("version") VALUES ($1) RETURNING "version"[0m  [["version", "20200603182613"]]
  [1m[35m (2.6ms)[0m  [1m[35mCOMMIT[0m
  [1m[36mActiveRecord::InternalMetadata Load (3.6ms)[0m  [1m[34mSELECT "ar_internal_metadata".* FROM "ar_internal_metadata" WHERE "ar_internal_metadata"."key" = $1 LIMIT $2[0m  [["key", "environment"], ["LIMIT", 1]]
  [1m[35m (0.3ms)[0m  [1m[34mSELECT pg_advisory_unlock(2448381119010353310)[0m
  [1m[35m (2.9ms)[0m  [1m[34mSELECT "schema_migrations"."version" FROM "schema_migrations" ORDER BY "schema_migrations"."version" ASC[0m
  [1m[36mAnimal Load (0.6ms)[0m  [1m[34mSELECT "animals".* FROM "animals" ORDER BY "animals"."id" ASC LIMIT $1[0m  [["LIMIT", 1]]
  [1m[35m (0.2ms)[0m  [1m[35mBEGIN[0m
  [1m[36mSighting Create (1.3ms)[0m  [1m[32mINSERT INTO "sightings" ("date", "latitude", "longitude", "animal_id", "created_at", "updated_at") VALUES ($1, $2, $3, $4, $5, $6) RETURNING "id"[0m  [["date", "2018-06-05 06:05:42"], ["latitude", "-38"], ["longitude", "120"], ["animal_id", "1"], ["created_at", "2020-06-03 18:31:59.149525"], ["updated_at", "2020-06-03 18:31:59.149525"]]
  [1m[35m (0.7ms)[0m  [1m[35mCOMMIT[0m
  [1m[36mSighting Load (0.3ms)[0m  [1m[34mSELECT "sightings".* FROM "sightings" LIMIT $1[0m  [["LIMIT", 11]]
  [1m[35m (0.2ms)[0m  [1m[35mBEGIN[0m
  [1m[36mSighting Create (0.3ms)[0m  [1m[32mINSERT INTO "sightings" ("date", "latitude", "longitude", "animal_id", "created_at", "updated_at") VALUES ($1, $2, $3, $4, $5, $6) RETURNING "id"[0m  [["date", "2019-07-28 07:15:02"], ["latitude", "-54"], ["longitude", "-106"], ["animal_id", "1"], ["created_at", "2020-06-03 18:33:04.142886"], ["updated_at", "2020-06-03 18:33:04.142886"]]
  [1m[35m (0.7ms)[0m  [1m[35mCOMMIT[0m
  [1m[36mSighting Load (0.7ms)[0m  [1m[34mSELECT "sightings".* FROM "sightings" LIMIT $1[0m  [["LIMIT", 11]]
  [1m[36mSighting Load (0.6ms)[0m  [1m[34mSELECT "sightings".* FROM "sightings" ORDER BY "sightings"."id" DESC LIMIT $1[0m  [["LIMIT", 1]]
  [1m[36mAnimal Load (0.5ms)[0m  [1m[34mSELECT "animals".* FROM "animals" ORDER BY "animals"."id" DESC LIMIT $1[0m  [["LIMIT", 1]]
  [1m[35m (0.2ms)[0m  [1m[35mBEGIN[0m
  [1m[36mSighting Create (0.8ms)[0m  [1m[32mINSERT INTO "sightings" ("date", "latitude", "longitude", "animal_id", "created_at", "updated_at") VALUES ($1, $2, $3, $4, $5, $6) RETURNING "id"[0m  [["date", "2009-07-28 19:15:07"], ["latitude", "-54"], ["longitude", "-106"], ["animal_id", "4"], ["created_at", "2020-06-03 18:36:28.673428"], ["updated_at", "2020-06-03 18:36:28.673428"]]
  [1m[35m (0.7ms)[0m  [1m[35mCOMMIT[0m
  [1m[36mSighting Load (0.5ms)[0m  [1m[34mSELECT "sightings".* FROM "sightings" LIMIT $1[0m  [["LIMIT", 11]]
Started GET "/animals" for ::1 at 2020-06-03 11:41:02 -0700
  [1m[35m (0.6ms)[0m  [1m[34mSELECT "schema_migrations"."version" FROM "schema_migrations" ORDER BY "schema_migrations"."version" ASC[0m
Processing by AnimalsController#index as */*
  Parameters: {"animal"=>{"kingdom"=>"aves"}}
  [1m[36mAnimal Load (1.2ms)[0m  [1m[34mSELECT "animals".* FROM "animals"[0m
  ↳ app/controllers/animals_controller.rb:4:in `index'
Completed 200 OK in 28ms (Views: 17.4ms | ActiveRecord: 6.0ms | Allocations: 5015)


Started GET "/animals" for ::1 at 2020-06-03 11:41:04 -0700
Processing by AnimalsController#index as */*
  Parameters: {"animal"=>{"kingdom"=>"aves"}}
  [1m[36mAnimal Load (0.4ms)[0m  [1m[34mSELECT "animals".* FROM "animals"[0m
  ↳ app/controllers/animals_controller.rb:4:in `index'
Completed 200 OK in 3ms (Views: 1.8ms | ActiveRecord: 0.4ms | Allocations: 1287)


Started GET "/sightings" for ::1 at 2020-06-03 11:41:11 -0700
Processing by SightingsController#index as */*
  Parameters: {"animal"=>{"kingdom"=>"aves"}, "sighting"=>{}}
  [1m[36mSighting Load (0.7ms)[0m  [1m[34mSELECT "sightings".* FROM "sightings"[0m
  ↳ app/controllers/sightings_controller.rb:4:in `index'
Completed 200 OK in 11ms (Views: 7.8ms | ActiveRecord: 16.1ms | Allocations: 4806)


Started PATCH "/sightings/2" for ::1 at 2020-06-03 11:42:22 -0700
Processing by SightingsController#update as */*
  Parameters: {"sighting"=>{"longitude"=>"23"}, "id"=>"2"}
  [1m[36mSighting Load (0.4ms)[0m  [1m[34mSELECT "sightings".* FROM "sightings" WHERE "sightings"."id" = $1 LIMIT $2[0m  [["id", 2], ["LIMIT", 1]]
  ↳ app/controllers/sightings_controller.rb:31:in `update'
  [1m[35m (0.2ms)[0m  [1m[35mBEGIN[0m
  ↳ app/controllers/sightings_controller.rb:32:in `update'
  [1m[36mAnimal Load (0.3ms)[0m  [1m[34mSELECT "animals".* FROM "animals" WHERE "animals"."id" = $1 LIMIT $2[0m  [["id", 1], ["LIMIT", 1]]
  ↳ app/controllers/sightings_controller.rb:32:in `update'
  [1m[36mSighting Update (0.5ms)[0m  [1m[33mUPDATE "sightings" SET "longitude" = $1, "updated_at" = $2 WHERE "sightings"."id" = $3[0m  [["longitude", "23"], ["updated_at", "2020-06-03 18:42:22.703143"], ["id", 2]]
  ↳ app/controllers/sightings_controller.rb:32:in `update'
  [1m[35m (0.9ms)[0m  [1m[35mCOMMIT[0m
  ↳ app/controllers/sightings_controller.rb:32:in `update'
Completed 200 OK in 37ms (Views: 0.4ms | ActiveRecord: 6.4ms | Allocations: 8697)


Started GET "/sightings" for ::1 at 2020-06-03 11:42:47 -0700
Processing by SightingsController#index as */*
  Parameters: {"sighting"=>{"longitude"=>"23"}}
  [1m[36mSighting Load (2.0ms)[0m  [1m[34mSELECT "sightings".* FROM "sightings"[0m
  ↳ app/controllers/sightings_controller.rb:4:in `index'
Completed 200 OK in 6ms (Views: 2.8ms | ActiveRecord: 2.0ms | Allocations: 1352)


Started DELETE "/sightings/3" for ::1 at 2020-06-03 11:43:16 -0700
Processing by SightingsController#destroy as */*
  Parameters: {"sighting"=>{"longitude"=>"23"}, "id"=>"3"}
  [1m[36mSighting Load (0.3ms)[0m  [1m[34mSELECT "sightings".* FROM "sightings" WHERE "sightings"."id" = $1 LIMIT $2[0m  [["id", 3], ["LIMIT", 1]]
  ↳ app/controllers/sightings_controller.rb:22:in `destroy'
  [1m[35m (4.3ms)[0m  [1m[35mBEGIN[0m
  ↳ app/controllers/sightings_controller.rb:23:in `destroy'
  [1m[36mSighting Destroy (0.9ms)[0m  [1m[31mDELETE FROM "sightings" WHERE "sightings"."id" = $1[0m  [["id", 3]]
  ↳ app/controllers/sightings_controller.rb:23:in `destroy'
  [1m[35m (0.9ms)[0m  [1m[35mCOMMIT[0m
  ↳ app/controllers/sightings_controller.rb:23:in `destroy'
Completed 200 OK in 14ms (Views: 0.4ms | ActiveRecord: 6.4ms | Allocations: 2721)


Started GET "/sightings/3" for ::1 at 2020-06-03 11:43:22 -0700
Processing by SightingsController#show as */*
  Parameters: {"sighting"=>{"longitude"=>"23"}, "id"=>"3"}
  [1m[36mSighting Load (0.3ms)[0m  [1m[34mSELECT "sightings".* FROM "sightings" WHERE "sightings"."id" = $1 LIMIT $2[0m  [["id", 3], ["LIMIT", 1]]
  ↳ app/controllers/sightings_controller.rb:8:in `show'
Completed 404 Not Found in 3ms (ActiveRecord: 0.3ms | Allocations: 1270)


  
ActiveRecord::RecordNotFound (Couldn't find Sighting with 'id'=3):
  
app/controllers/sightings_controller.rb:8:in `show'
Started GET "/sightings" for ::1 at 2020-06-03 11:43:26 -0700
Processing by SightingsController#index as */*
  Parameters: {"sighting"=>{"longitude"=>"23"}}
  [1m[36mSighting Load (1.1ms)[0m  [1m[34mSELECT "sightings".* FROM "sightings"[0m
  ↳ app/controllers/sightings_controller.rb:4:in `index'
Completed 200 OK in 6ms (Views: 4.0ms | ActiveRecord: 1.1ms | Allocations: 1225)


  [1m[36mAnimal Load (0.4ms)[0m  [1m[34mSELECT "animals".* FROM "animals" ORDER BY "animals"."id" ASC LIMIT $1[0m  [["LIMIT", 1]]
  [1m[36mSighting Load (1.3ms)[0m  [1m[34mSELECT "sightings".* FROM "sightings" WHERE "sightings"."animal_id" = $1 LIMIT $2[0m  [["animal_id", "1"], ["LIMIT", 11]]
Started GET "/animals/1" for ::1 at 2020-06-03 11:54:05 -0700
  [1m[35m (25.6ms)[0m  [1m[34mSELECT "schema_migrations"."version" FROM "schema_migrations" ORDER BY "schema_migrations"."version" ASC[0m
Processing by AnimalsController#show as */*
  Parameters: {"sighting"=>{"longitude"=>"23"}, "id"=>"1", "animal"=>{}}
  [1m[36mAnimal Load (1.2ms)[0m  [1m[34mSELECT "animals".* FROM "animals" WHERE "animals"."id" = $1 LIMIT $2[0m  [["id", 1], ["LIMIT", 1]]
  ↳ app/controllers/animals_controller.rb:8:in `show'
  [1m[36mSighting Load (0.7ms)[0m  [1m[34mSELECT "sightings".* FROM "sightings" WHERE "sightings"."animal_id" = $1[0m  [["animal_id", "1"]]
  ↳ app/controllers/animals_controller.rb:10:in `show'
Completed 200 OK in 242ms (Views: 0.4ms | ActiveRecord: 45.6ms | Allocations: 12995)


Started GET "/animals/1" for ::1 at 2020-06-03 11:54:25 -0700
  
SyntaxError (/Users/learnacademy/Desktop/wildlife-tracker-thomasgonda3/app/controllers/animals_controller.rb:10: syntax error, unexpected '(', expecting `end'
    render json: @animal(include: :sightings)
                        ^
/Users/learnacademy/Desktop/wildlife-tracker-thomasgonda3/app/controllers/animals_controller.rb:45: syntax error, unexpected end-of-input, expecting `end'):
  
app/controllers/animals_controller.rb:10: syntax error, unexpected '(', expecting `end'
app/controllers/animals_controller.rb:45: syntax error, unexpected end-of-input, expecting `end'
app/controllers/animals_controller.rb:10: syntax error, unexpected '(', expecting `end'
app/controllers/animals_controller.rb:45: syntax error, unexpected end-of-input, expecting `end'
app/controllers/animals_controller.rb:10: syntax error, unexpected '(', expecting `end'
app/controllers/animals_controller.rb:45: syntax error, unexpected end-of-input, expecting `end'
Started GET "/animals/1" for ::1 at 2020-06-03 11:56:18 -0700
Processing by AnimalsController#show as */*
  Parameters: {"sighting"=>{"longitude"=>"23"}, "id"=>"1", "animal"=>{}}
  [1m[36mAnimal Load (0.3ms)[0m  [1m[34mSELECT "animals".* FROM "animals" WHERE "animals"."id" = $1 LIMIT $2[0m  [["id", 1], ["LIMIT", 1]]
  ↳ app/controllers/animals_controller.rb:8:in `show'
  [1m[36mSighting Load (0.5ms)[0m  [1m[34mSELECT "sightings".* FROM "sightings" WHERE "sightings"."animal_id" = $1[0m  [["animal_id", "1"]]
  ↳ app/controllers/animals_controller.rb:10:in `show'
Completed 200 OK in 56ms (Views: 0.1ms | ActiveRecord: 33.8ms | Allocations: 10147)


